<?xml version="1.0" encoding="UTF-8"?>
<testsuite xmlns:xsi="http://www.w3.org/2001/XMLSchema-instance" xsi:noNamespaceSchemaLocation="https://maven.apache.org/surefire/maven-surefire-plugin/xsd/surefire-test-report-3.0.xsd" version="3.0" name="com.cypcode.configserver_microservice.ApplicationTests" time="8.944" tests="1" errors="0" skipped="0" failures="0">
  <properties>
[...]
</properties>
  <testcase name="contextLoads" classname="com.cypcode.configserver_microservice.ApplicationTests" time="1.744">
    <system-out><![CDATA[12:52:15.919 [main] INFO org.springframework.test.context.support.AnnotationConfigContextLoaderUtils -- Could not detect default configuration classes for test class [com.cypcode.configserver_microservice.ApplicationTests]: ApplicationTests does not declare any static, non-private, non-final, nested classes annotated with @Configuration.
12:52:16.173 [main] INFO org.springframework.boot.test.context.SpringBootTestContextBootstrapper -- Found @SpringBootConfiguration com.cypcode.configserver_microservice.Application for test class com.cypcode.configserver_microservice.ApplicationTests
12:52:16.653 [main] INFO org.springframework.boot.devtools.restart.RestartApplicationListener -- Restart disabled due to context in which it is running

  .   ____          _            __ _ _
 /\\ / ___'_ __ _ _(_)_ __  __ _ \ \ \ \
( ( )\___ | '_ | '_| | '_ \/ _` | \ \ \ \
 \\/  ___)| |_)| | | | | || (_| |  ) ) ) )
  '  |____| .__|_| |_|_| |_\__, | / / / /
 =========|_|==============|___/=/_/_/_/

 :: Spring Boot ::                (v3.3.1)

2024-07-12T12:52:17.340+02:00  INFO 18980 --- [configserver-microservice] [           main] c.c.c.ApplicationTests                   : Starting ApplicationTests using Java 17.0.11 with PID 18980 (started by nkululekog in /Users/nkululekog/Documents/Projects/Cypcode/Cypcode Studios/configserver-microservice)
2024-07-12T12:52:17.342+02:00  INFO 18980 --- [configserver-microservice] [           main] c.c.c.ApplicationTests                   : No active profile set, falling back to 1 default profile: "default"
2024-07-12T12:52:20.072+02:00  INFO 18980 --- [configserver-microservice] [           main] o.s.cloud.context.scope.GenericScope     : BeanFactory id=6a1bbdad-af82-3813-a1e5-5844c2c6c05f
2024-07-12T12:52:22.400+02:00  INFO 18980 --- [configserver-microservice] [           main] o.s.b.a.e.web.EndpointLinksResolver      : Exposing 1 endpoint beneath base path '/actuator'
2024-07-12T12:52:22.523+02:00  INFO 18980 --- [configserver-microservice] [           main] c.c.c.ApplicationTests                   : Started ApplicationTests in 5.916 seconds (process running for 8.217)
]]></system-out>
  </testcase>
</testsuite>